<?xml version="1.0" encoding="UTF-8"?>
<testng-results ignored="0" total="1" passed="1" failed="0" skipped="0">
  <reporter-output>
  </reporter-output>
  <suite started-at="2019-02-11T09:35:49Z" name="Default suite" finished-at="2019-02-11T09:35:49Z" duration-ms="22">
    <groups>
    </groups>
    <test started-at="2019-02-11T09:35:49Z" name="Default test" finished-at="2019-02-11T09:35:49Z" duration-ms="22">
      <class name="MyTest.MyTestClass">
        <test-method signature="SampleMethods()[pri:0, instance:MyTest.MyTestClass@4470f8a6]" started-at="2019-02-11T09:35:49Z" name="SampleMethods" finished-at="2019-02-11T09:35:49Z" duration-ms="7" status="PASS">
          <reporter-output>
          </reporter-output>
        </test-method> <!-- SampleMethods -->
      </class> <!-- MyTest.MyTestClass -->
    </test> <!-- Default test -->
  </suite> <!-- Default suite -->
</testng-results>
