<?xml version="1.0" encoding="UTF-8"?>
<testng-results skipped="0" failed="0" ignored="0" total="2" passed="2">
  <reporter-output>
  </reporter-output>
  <suite name="Default suite" duration-ms="9022" started-at="2020-02-26T13:30:06Z" finished-at="2020-02-26T13:30:15Z">
    <groups>
    </groups>
    <test name="Default test" duration-ms="9022" started-at="2020-02-26T13:30:06Z" finished-at="2020-02-26T13:30:15Z">
      <class name="MyTest.MyTestClass">
        <test-method status="PASS" signature="SampleMethods()[pri:0, instance:MyTest.MyTestClass@4566e5bd]" name="SampleMethods" duration-ms="8" started-at="2020-02-26T13:30:06Z" finished-at="2020-02-26T13:30:06Z">
          <reporter-output>
          </reporter-output>
        </test-method> <!-- SampleMethods -->
        <test-method status="PASS" signature="sample2()[pri:0, instance:MyTest.MyTestClass@4566e5bd]" name="sample2" duration-ms="8986" started-at="2020-02-26T13:30:06Z" finished-at="2020-02-26T13:30:15Z">
          <reporter-output>
          </reporter-output>
        </test-method> <!-- sample2 -->
      </class> <!-- MyTest.MyTestClass -->
    </test> <!-- Default test -->
  </suite> <!-- Default suite -->
</testng-results>
