<?xml version="1.0" encoding="UTF-8"?>
<testng-results total="2" passed="2" failed="0" skipped="0">
  <reporter-output>
  </reporter-output>
  <suite started-at="2020-02-26T14:32:29Z" name="Suite" finished-at="2020-02-26T14:32:39Z" duration-ms="9524">
    <groups>
    </groups>
    <test started-at="2020-02-26T14:32:29Z" name="Test" finished-at="2020-02-26T14:32:39Z" duration-ms="9524">
      <class name="MyTest.MyTestClass">
        <test-method signature="SampleMethods()[pri:0, instance:MyTest.MyTestClass@7722c3c3]" started-at="2020-02-26T20:02:29Z" name="SampleMethods" finished-at="2020-02-26T20:02:29Z" duration-ms="6" status="PASS">
          <reporter-output>
          </reporter-output>
        </test-method> <!-- SampleMethods -->
        <test-method signature="sample2()[pri:0, instance:MyTest.MyTestClass@7722c3c3]" started-at="2020-02-26T20:02:29Z" name="sample2" finished-at="2020-02-26T20:02:39Z" duration-ms="9511" status="PASS">
          <reporter-output>
          </reporter-output>
        </test-method> <!-- sample2 -->
      </class> <!-- MyTest.MyTestClass -->
    </test> <!-- Test -->
  </suite> <!-- Suite -->
</testng-results>
