<?xml version="1.0" encoding="UTF-8"?>
<testng-results total="1" passed="1" failed="0" skipped="0">
  <reporter-output>
  </reporter-output>
  <suite started-at="2019-02-11T09:36:38Z" name="Suite" finished-at="2019-02-11T09:36:38Z" duration-ms="13">
    <groups>
    </groups>
    <test started-at="2019-02-11T09:36:38Z" name="Test" finished-at="2019-02-11T09:36:38Z" duration-ms="13">
      <class name="MyTest.MyTestClass">
        <test-method signature="SampleMethods()[pri:0, instance:MyTest.MyTestClass@158da8e]" started-at="2019-02-11T15:06:38Z" name="SampleMethods" finished-at="2019-02-11T15:06:38Z" duration-ms="5" status="PASS">
          <reporter-output>
          </reporter-output>
        </test-method> <!-- SampleMethods -->
      </class> <!-- MyTest.MyTestClass -->
    </test> <!-- Test -->
  </suite> <!-- Suite -->
</testng-results>
